mode: set
ai-modernization-tool/sales_invoice/validation.go:39.42,40.21 1 0
ai-modernization-tool/sales_invoice/validation.go:40.21,42.3 1 0
ai-modernization-tool/sales_invoice/validation.go:43.2,43.22 1 0
ai-modernization-tool/sales_invoice/validation.go:46.42,48.2 1 1
ai-modernization-tool/sales_invoice/validation.go:53.44,54.17 1 1
ai-modernization-tool/sales_invoice/validation.go:54.17,56.3 1 1
ai-modernization-tool/sales_invoice/validation.go:58.2,60.24 3 1
ai-modernization-tool/sales_invoice/validation.go:60.24,62.3 1 0
ai-modernization-tool/sales_invoice/validation.go:65.2,67.44 2 1
ai-modernization-tool/sales_invoice/validation.go:67.44,72.3 1 1
ai-modernization-tool/sales_invoice/validation.go:73.2,73.12 1 1
ai-modernization-tool/sales_invoice/validation.go:77.70,82.31 2 1
ai-modernization-tool/sales_invoice/validation.go:82.31,83.55 1 1
ai-modernization-tool/sales_invoice/validation.go:83.55,85.9 2 1
ai-modernization-tool/sales_invoice/validation.go:89.2,89.26 1 1
ai-modernization-tool/sales_invoice/validation.go:89.26,91.3 1 1
ai-modernization-tool/sales_invoice/validation.go:92.2,92.12 1 1
ai-modernization-tool/sales_invoice/validation.go:99.68,100.40 1 0
ai-modernization-tool/sales_invoice/validation.go:100.40,102.3 1 0
ai-modernization-tool/sales_invoice/validation.go:103.2,103.58 1 0
ai-modernization-tool/sales_invoice/validation.go:103.58,105.3 1 0
ai-modernization-tool/sales_invoice/validation.go:107.2,107.12 1 0
ai-modernization-tool/sales_invoice/validation.go:110.49,111.23 1 1
ai-modernization-tool/sales_invoice/validation.go:111.23,113.6 1 1
ai-modernization-tool/sales_invoice/validation.go:114.5,114.34 1 1
ai-modernization-tool/sales_invoice/validation.go:114.34,115.37 1 1
ai-modernization-tool/sales_invoice/validation.go:115.37,117.10 1 1
ai-modernization-tool/sales_invoice/validation.go:119.5,119.15 1 0
ai-modernization-tool/sales_invoice/validation.go:122.78,123.56 1 1
ai-modernization-tool/sales_invoice/validation.go:123.56,125.56 2 1
ai-modernization-tool/sales_invoice/validation.go:125.56,127.10 1 1
ai-modernization-tool/sales_invoice/validation.go:129.5,129.15 1 1
ai-modernization-tool/sales_invoice/validation.go:131.49,132.26 1 1
ai-modernization-tool/sales_invoice/validation.go:132.26,133.16 1 1
ai-modernization-tool/sales_invoice/validation.go:133.16,135.4 1 0
ai-modernization-tool/sales_invoice/validation.go:137.2,137.14 1 1
ai-modernization-tool/sales_invoice/validation.go:145.82,145.111 1 0
ai-modernization-tool/sales_invoice/validation.go:146.83,146.97 1 0
ai-modernization-tool/sales_invoice/validation.go:147.82,147.107 1 0
ai-modernization-tool/sales_invoice/validation.go:148.81,150.2 1 1
